d:\gitrepositoryone\vrepkukasystemcontrol(path planning system)\vrepclient\vrepadapter\debug\vrepadapter.pch
d:\gitrepositoryone\vrepkukasystemcontrol(path planning system)\vrepclient\vrepadapter\debug\vc120.pdb
d:\gitrepositoryone\vrepkukasystemcontrol(path planning system)\vrepclient\vrepadapter\debug\stdafx.obj
d:\gitrepositoryone\vrepkukasystemcontrol(path planning system)\vrepclient\vrepadapter\debug\extapiplatform.obj
d:\gitrepositoryone\vrepkukasystemcontrol(path planning system)\vrepclient\vrepadapter\debug\extapi.obj
d:\gitrepositoryone\vrepkukasystemcontrol(path planning system)\vrepclient\vrepadapter\debug\vrepadapter.obj
d:\gitrepositoryone\vrepkukasystemcontrol(path planning system)\vrepclient\vrepadapter\debug\assemblyinfo.obj
d:\gitrepositoryone\vrepkukasystemcontrol(path planning system)\vrepclient\vrepadapter\debug\.netframework,version=v4.5.assemblyattributes.obj
d:\gitrepositoryone\vrepkukasystemcontrol(path planning system)\vrepclient\debug\vrepadapter.dll
d:\gitrepositoryone\vrepkukasystemcontrol(path planning system)\vrepclient\debug\vrepadapter.pdb
d:\gitrepositoryone\vrepkukasystemcontrol(path planning system)\vrepclient\vrepadapter\debug\app.res
d:\gitrepositoryone\vrepkukasystemcontrol(path planning system)\vrepclient\debug\vrepadapter.lib
d:\gitrepositoryone\vrepkukasystemcontrol(path planning system)\vrepclient\debug\vrepadapter.exp
c:\users\ilanm\source\repos\ilanmar\youbotcontrol\vrepkukasystemcontrol(path planning system)\vrepclient\vrepadapter\debug\vrepadapter.vcxprojresolveassemblyreference.cache
c:\users\ilanm\source\repos\ilanmar\youbotcontrol\vrepkukasystemcontrol(path planning system)\vrepclient\vrepadapter\debug\.netframework,version=v4.5.assemblyattributes.obj
c:\users\ilanm\source\repos\ilanmar\youbotcontrol\vrepkukasystemcontrol(path planning system)\vrepclient\vrepadapter\debug\assemblyinfo.obj
c:\users\ilanm\source\repos\ilanmar\youbotcontrol\vrepkukasystemcontrol(path planning system)\vrepclient\vrepadapter\debug\extapi.obj
c:\users\ilanm\source\repos\ilanmar\youbotcontrol\vrepkukasystemcontrol(path planning system)\vrepclient\vrepadapter\debug\extapiplatform.obj
c:\users\ilanm\source\repos\ilanmar\youbotcontrol\vrepkukasystemcontrol(path planning system)\vrepclient\vrepadapter\debug\stdafx.obj
c:\users\ilanm\source\repos\ilanmar\youbotcontrol\vrepkukasystemcontrol(path planning system)\vrepclient\vrepadapter\debug\vrepadapter.obj
c:\users\ilanm\source\repos\ilanmar\youbotcontrol\vrepkukasystemcontrol(path planning system)\vrepclient\vrepadapter\debug\app.res
c:\users\ilanm\source\repos\ilanmar\youbotcontrol\vrepkukasystemcontrol(path planning system)\vrepclient\vrepadapter\debug\vrepadapter.pch
c:\users\ilanm\source\repos\ilanmar\youbotcontrol\vrepkukasystemcontrol(path planning system)\vrepclient\vrepadapter\debug\vc120.pdb
c:\users\ilanm\source\repos\ilanmar\youbotcontrol\vrepkukasystemcontrol(path planning system)\vrepclient\debug\vrepadapter.pdb
c:\users\ilanm\source\repos\ilanmar\youbotcontrol\vrepkukasystemcontrol(path planning system)\vrepclient\debug\vrepadapter.dll
c:\users\ilanm\source\repos\ilanmar\youbotcontrol\vrepkukasystemcontrol(path planning system)\vrepclient\vrepadapter\debug\vrepadapter.tlog\cl.command.1.tlog
c:\users\ilanm\source\repos\ilanmar\youbotcontrol\vrepkukasystemcontrol(path planning system)\vrepclient\vrepadapter\debug\vrepadapter.tlog\cl.read.1.tlog
c:\users\ilanm\source\repos\ilanmar\youbotcontrol\vrepkukasystemcontrol(path planning system)\vrepclient\vrepadapter\debug\vrepadapter.tlog\cl.write.1.tlog
c:\users\ilanm\source\repos\ilanmar\youbotcontrol\vrepkukasystemcontrol(path planning system)\vrepclient\vrepadapter\debug\vrepadapter.tlog\link.command.1.tlog
c:\users\ilanm\source\repos\ilanmar\youbotcontrol\vrepkukasystemcontrol(path planning system)\vrepclient\vrepadapter\debug\vrepadapter.tlog\link.read.1.tlog
c:\users\ilanm\source\repos\ilanmar\youbotcontrol\vrepkukasystemcontrol(path planning system)\vrepclient\vrepadapter\debug\vrepadapter.tlog\link.write.1.tlog
c:\users\ilanm\source\repos\ilanmar\youbotcontrol\vrepkukasystemcontrol(path planning system)\vrepclient\vrepadapter\debug\vrepadapter.tlog\metagen.read.1.tlog
c:\users\ilanm\source\repos\ilanmar\youbotcontrol\vrepkukasystemcontrol(path planning system)\vrepclient\vrepadapter\debug\vrepadapter.tlog\metagen.write.1.tlog
c:\users\ilanm\source\repos\ilanmar\youbotcontrol\vrepkukasystemcontrol(path planning system)\vrepclient\vrepadapter\debug\vrepadapter.tlog\rc.command.1.tlog
c:\users\ilanm\source\repos\ilanmar\youbotcontrol\vrepkukasystemcontrol(path planning system)\vrepclient\vrepadapter\debug\vrepadapter.tlog\rc.read.1.tlog
c:\users\ilanm\source\repos\ilanmar\youbotcontrol\vrepkukasystemcontrol(path planning system)\vrepclient\vrepadapter\debug\vrepadapter.tlog\rc.write.1.tlog
c:\users\ilanm\source\repos\ilanmar\youbotcontrol\vrepkukasystemcontrol(path planning system)\vrepclient\vrepadapter\debug\vrepadapter.tlog\vrepadapter.write.1u.tlog
c:\users\ilanm\source\repos\ilanmar\youbotcontrol\vrepkukasystemcontrol(path planning system)\vrepclient\vrepadapter\debug\vrepadapter.tlog\tzres.dll.bi
